<?xml version="1.0" encoding="UTF-8"?>
<coverage generated="1500856844035" clover="3.2.0">
  <project timestamp="1500856844035" name="All files">
    <metrics statements="86" coveredstatements="70" conditionals="13" coveredconditionals="7" methods="41" coveredmethods="24" elements="140" coveredelements="101" complexity="0" loc="86" ncloc="86" packages="14" files="24" classes="24">
      <package name="app.components.HomePage">
        <metrics statements="4" coveredstatements="3" conditionals="1" coveredconditionals="0" methods="3" coveredmethods="2"/>
        <file name="HomePage.jsx" path="/Users/amitchem/Workspace/watch_edition_react/src/app/components/HomePage/HomePage.jsx">
          <metrics statements="4" coveredstatements="3" conditionals="1" coveredconditionals="0" methods="3" coveredmethods="2"/>
          <line num="8" count="7" type="stmt"/>
          <line num="9" count="7" type="stmt"/>
          <line num="18" count="0" type="stmt"/>
          <line num="22" count="8" type="stmt"/>
        </file>
        <file name="HomePage.scss" path="/Users/amitchem/Workspace/watch_edition_react/src/app/components/HomePage/HomePage.scss">
          <metrics statements="0" coveredstatements="0" conditionals="0" coveredconditionals="0" methods="0" coveredmethods="0"/>
        </file>
      </package>
      <package name="app.components.NotificationForm">
        <metrics statements="9" coveredstatements="9" conditionals="0" coveredconditionals="0" methods="4" coveredmethods="4"/>
        <file name="NotificationForm.jsx" path="/Users/amitchem/Workspace/watch_edition_react/src/app/components/NotificationForm/NotificationForm.jsx">
          <metrics statements="9" coveredstatements="9" conditionals="0" coveredconditionals="0" methods="4" coveredmethods="4"/>
          <line num="8" count="6" type="stmt"/>
          <line num="10" count="6" type="stmt"/>
          <line num="14" count="6" type="stmt"/>
          <line num="15" count="6" type="stmt"/>
          <line num="19" count="1" type="stmt"/>
          <line num="25" count="3" type="stmt"/>
          <line num="29" count="3" type="stmt"/>
          <line num="33" count="7" type="stmt"/>
          <line num="48" count="2" type="stmt"/>
        </file>
        <file name="notification_form.scss" path="/Users/amitchem/Workspace/watch_edition_react/src/app/components/NotificationForm/notification_form.scss">
          <metrics statements="0" coveredstatements="0" conditionals="0" coveredconditionals="0" methods="0" coveredmethods="0"/>
        </file>
      </package>
      <package name="app.components.Watch">
        <metrics statements="17" coveredstatements="6" conditionals="1" coveredconditionals="0" methods="13" coveredmethods="2"/>
        <file name="Watch.jsx" path="/Users/amitchem/Workspace/watch_edition_react/src/app/components/Watch/Watch.jsx">
          <metrics statements="17" coveredstatements="6" conditionals="1" coveredconditionals="0" methods="13" coveredmethods="2"/>
          <line num="16" count="2" type="stmt"/>
          <line num="17" count="0" type="stmt"/>
          <line num="23" count="1" type="stmt"/>
          <line num="25" count="1" type="stmt"/>
          <line num="26" count="0" type="stmt"/>
          <line num="27" count="0" type="stmt"/>
          <line num="28" count="0" type="stmt"/>
          <line num="29" count="0" type="stmt"/>
          <line num="34" count="1" type="cond" truecount="0" falsecount="1"/>
          <line num="35" count="0" type="stmt"/>
          <line num="38" count="1" type="stmt"/>
          <line num="47" count="0" type="stmt"/>
          <line num="48" count="0" type="stmt"/>
          <line num="49" count="0" type="stmt"/>
          <line num="50" count="0" type="stmt"/>
          <line num="52" count="0" type="stmt"/>
          <line num="65" count="2" type="stmt"/>
        </file>
        <file name="watch.scss" path="/Users/amitchem/Workspace/watch_edition_react/src/app/components/Watch/watch.scss">
          <metrics statements="0" coveredstatements="0" conditionals="0" coveredconditionals="0" methods="0" coveredmethods="0"/>
        </file>
      </package>
      <package name="app.components.Watch.NotificationPopup">
        <metrics statements="5" coveredstatements="5" conditionals="2" coveredconditionals="2" methods="1" coveredmethods="1"/>
        <file name="NotificationPopup.jsx" path="/Users/amitchem/Workspace/watch_edition_react/src/app/components/Watch/NotificationPopup/NotificationPopup.jsx">
          <metrics statements="5" coveredstatements="5" conditionals="2" coveredconditionals="2" methods="1" coveredmethods="1"/>
          <line num="6" count="3" type="stmt"/>
          <line num="7" count="3" type="cond" truecount="2" falsecount="0"/>
          <line num="8" count="3" type="stmt"/>
          <line num="17" count="3" type="stmt"/>
          <line num="22" count="3" type="stmt"/>
        </file>
        <file name="notification_popup.scss" path="/Users/amitchem/Workspace/watch_edition_react/src/app/components/Watch/NotificationPopup/notification_popup.scss">
          <metrics statements="0" coveredstatements="0" conditionals="0" coveredconditionals="0" methods="0" coveredmethods="0"/>
        </file>
      </package>
      <package name="app.pages.ContactListScreen">
        <metrics statements="1" coveredstatements="1" conditionals="0" coveredconditionals="0" methods="1" coveredmethods="1"/>
        <file name="ContactListScreen.jsx" path="/Users/amitchem/Workspace/watch_edition_react/src/app/pages/ContactListScreen/ContactListScreen.jsx">
          <metrics statements="1" coveredstatements="1" conditionals="0" coveredconditionals="0" methods="1" coveredmethods="1"/>
          <line num="13" count="1" type="stmt"/>
        </file>
        <file name="contact_list.scss" path="/Users/amitchem/Workspace/watch_edition_react/src/app/pages/ContactListScreen/contact_list.scss">
          <metrics statements="0" coveredstatements="0" conditionals="0" coveredconditionals="0" methods="0" coveredmethods="0"/>
        </file>
      </package>
      <package name="app.pages.HomeScreen">
        <metrics statements="8" coveredstatements="5" conditionals="2" coveredconditionals="1" methods="3" coveredmethods="1"/>
        <file name="HomeScreen.jsx" path="/Users/amitchem/Workspace/watch_edition_react/src/app/pages/HomeScreen/HomeScreen.jsx">
          <metrics statements="8" coveredstatements="5" conditionals="2" coveredconditionals="1" methods="3" coveredmethods="1"/>
          <line num="8" count="3" type="stmt"/>
          <line num="9" count="1" type="cond" truecount="1" falsecount="1"/>
          <line num="10" count="0" type="stmt"/>
          <line num="11" count="0" type="stmt"/>
          <line num="12" count="0" type="stmt"/>
          <line num="16" count="1" type="stmt"/>
          <line num="55" count="3" type="stmt"/>
          <line num="59" count="3" type="stmt"/>
        </file>
      </package>
      <package name="app.pages.NotFoundScreen">
        <metrics statements="1" coveredstatements="1" conditionals="0" coveredconditionals="0" methods="1" coveredmethods="1"/>
        <file name="NotFoundScreen.jsx" path="/Users/amitchem/Workspace/watch_edition_react/src/app/pages/NotFoundScreen/NotFoundScreen.jsx">
          <metrics statements="1" coveredstatements="1" conditionals="0" coveredconditionals="0" methods="1" coveredmethods="1"/>
          <line num="6" count="1" type="stmt"/>
        </file>
      </package>
      <package name="framework.Router">
        <metrics statements="2" coveredstatements="2" conditionals="0" coveredconditionals="0" methods="1" coveredmethods="1"/>
        <file name="BrowserHistory.js" path="/Users/amitchem/Workspace/watch_edition_react/src/framework/Router/BrowserHistory.js">
          <metrics statements="0" coveredstatements="0" conditionals="0" coveredconditionals="0" methods="0" coveredmethods="0"/>
        </file>
        <file name="ViewRouter.js" path="/Users/amitchem/Workspace/watch_edition_react/src/framework/Router/ViewRouter.js">
          <metrics statements="2" coveredstatements="2" conditionals="0" coveredconditionals="0" methods="1" coveredmethods="1"/>
          <line num="8" count="1" type="stmt"/>
          <line num="18" count="3" type="stmt"/>
        </file>
      </package>
      <package name="framework.components.Button">
        <metrics statements="4" coveredstatements="4" conditionals="0" coveredconditionals="0" methods="2" coveredmethods="1"/>
        <file name="Button.jsx" path="/Users/amitchem/Workspace/watch_edition_react/src/framework/components/Button/Button.jsx">
          <metrics statements="4" coveredstatements="4" conditionals="0" coveredconditionals="0" methods="2" coveredmethods="1"/>
          <line num="5" count="3" type="stmt"/>
          <line num="6" count="1" type="stmt"/>
          <line num="9" count="3" type="stmt"/>
          <line num="14" count="3" type="stmt"/>
        </file>
        <file name="button.scss" path="/Users/amitchem/Workspace/watch_edition_react/src/framework/components/Button/button.scss">
          <metrics statements="0" coveredstatements="0" conditionals="0" coveredconditionals="0" methods="0" coveredmethods="0"/>
        </file>
      </package>
      <package name="framework.components.Date">
        <metrics statements="4" coveredstatements="4" conditionals="0" coveredconditionals="0" methods="1" coveredmethods="1"/>
        <file name="Date.jsx" path="/Users/amitchem/Workspace/watch_edition_react/src/framework/components/Date/Date.jsx">
          <metrics statements="4" coveredstatements="4" conditionals="0" coveredconditionals="0" methods="1" coveredmethods="1"/>
          <line num="8" count="3" type="stmt"/>
          <line num="9" count="3" type="stmt"/>
          <line num="17" count="4" type="stmt"/>
          <line num="21" count="4" type="stmt"/>
        </file>
        <file name="date.scss" path="/Users/amitchem/Workspace/watch_edition_react/src/framework/components/Date/date.scss">
          <metrics statements="0" coveredstatements="0" conditionals="0" coveredconditionals="0" methods="0" coveredmethods="0"/>
        </file>
      </package>
      <package name="framework.components.GenericList">
        <metrics statements="9" coveredstatements="9" conditionals="4" coveredconditionals="2" methods="3" coveredmethods="3"/>
        <file name="GenericList.jsx" path="/Users/amitchem/Workspace/watch_edition_react/src/framework/components/GenericList/GenericList.jsx">
          <metrics statements="9" coveredstatements="9" conditionals="4" coveredconditionals="2" methods="3" coveredmethods="3"/>
          <line num="11" count="3" type="stmt"/>
          <line num="12" count="3" type="stmt"/>
          <line num="15" count="6" type="stmt"/>
          <line num="16" count="6" type="stmt"/>
          <line num="22" count="3" type="cond" truecount="1" falsecount="1"/>
          <line num="23" count="3" type="cond" truecount="1" falsecount="1"/>
          <line num="25" count="3" type="stmt"/>
          <line num="33" count="4" type="stmt"/>
          <line num="37" count="4" type="stmt"/>
        </file>
      </package>
      <package name="framework.components.GenericList.ListItem">
        <metrics statements="4" coveredstatements="4" conditionals="1" coveredconditionals="0" methods="1" coveredmethods="1"/>
        <file name="ListItem.jsx" path="/Users/amitchem/Workspace/watch_edition_react/src/framework/components/GenericList/ListItem/ListItem.jsx">
          <metrics statements="4" coveredstatements="4" conditionals="1" coveredconditionals="0" methods="1" coveredmethods="1"/>
          <line num="4" count="5" type="cond" truecount="0" falsecount="1"/>
          <line num="5" count="3" type="stmt"/>
          <line num="11" count="5" type="stmt"/>
          <line num="17" count="5" type="stmt"/>
        </file>
      </package>
      <package name="framework.components.ScreenLayout">
        <metrics statements="12" coveredstatements="11" conditionals="2" coveredconditionals="2" methods="6" coveredmethods="4"/>
        <file name="ScreenLayout.jsx" path="/Users/amitchem/Workspace/watch_edition_react/src/framework/components/ScreenLayout/ScreenLayout.jsx">
          <metrics statements="12" coveredstatements="11" conditionals="2" coveredconditionals="2" methods="6" coveredmethods="4"/>
          <line num="9" count="3" type="stmt"/>
          <line num="10" count="6" type="stmt"/>
          <line num="11" count="0" type="stmt"/>
          <line num="15" count="3" type="stmt"/>
          <line num="16" count="6" type="stmt"/>
          <line num="17" count="6" type="cond" truecount="2" falsecount="0"/>
          <line num="18" count="3" type="stmt"/>
          <line num="21" count="3" type="stmt"/>
          <line num="24" count="3" type="stmt"/>
          <line num="27" count="3" type="stmt"/>
          <line num="37" count="3" type="stmt"/>
          <line num="46" count="3" type="stmt"/>
        </file>
        <file name="screen_layout.scss" path="/Users/amitchem/Workspace/watch_edition_react/src/framework/components/ScreenLayout/screen_layout.scss">
          <metrics statements="0" coveredstatements="0" conditionals="0" coveredconditionals="0" methods="0" coveredmethods="0"/>
        </file>
      </package>
      <package name="framework.components.Time">
        <metrics statements="6" coveredstatements="6" conditionals="0" coveredconditionals="0" methods="1" coveredmethods="1"/>
        <file name="Time.jsx" path="/Users/amitchem/Workspace/watch_edition_react/src/framework/components/Time/Time.jsx">
          <metrics statements="6" coveredstatements="6" conditionals="0" coveredconditionals="0" methods="1" coveredmethods="1"/>
          <line num="6" count="4" type="stmt"/>
          <line num="7" count="4" type="stmt"/>
          <line num="8" count="4" type="stmt"/>
          <line num="9" count="4" type="stmt"/>
          <line num="16" count="4" type="stmt"/>
          <line num="20" count="4" type="stmt"/>
        </file>
        <file name="time.scss" path="/Users/amitchem/Workspace/watch_edition_react/src/framework/components/Time/time.scss">
          <metrics statements="0" coveredstatements="0" conditionals="0" coveredconditionals="0" methods="0" coveredmethods="0"/>
        </file>
      </package>
    </metrics>
  </project>
</coverage>
