{"/Users/amitchem/Workspace/watch_edition_react/src/app/components/HomePage/HomePage.jsx": {"path":"/Users/amitchem/Workspace/watch_edition_react/src/app/components/HomePage/HomePage.jsx","statementMap":{"0":{"start":{"line":8,"column":4},"end":{"line":8,"column":17}},"1":{"start":{"line":9,"column":4},"end":{"line":14,"column":6}},"2":{"start":{"line":18,"column":4},"end":{"line":18,"column":51}},"3":{"start":{"line":22,"column":4},"end":{"line":36,"column":6}}},"fnMap":{"0":{"name":"(anonymous_0)","decl":{"start":{"line":7,"column":2},"end":{"line":7,"column":3}},"loc":{"start":{"line":7,"column":21},"end":{"line":15,"column":3}},"line":7},"1":{"name":"(anonymous_1)","decl":{"start":{"line":17,"column":24},"end":{"line":17,"column":25}},"loc":{"start":{"line":17,"column":43},"end":{"line":19,"column":3}},"line":17},"2":{"name":"(anonymous_2)","decl":{"start":{"line":21,"column":2},"end":{"line":21,"column":3}},"loc":{"start":{"line":21,"column":11},"end":{"line":37,"column":3}},"line":21}},"branchMap":{"0":{"loc":{"start":{"line":17,"column":25},"end":{"line":17,"column":38}},"type":"default-arg","locations":[{"start":{"line":17,"column":36},"end":{"line":17,"column":38}}],"line":17}},"s":{"0":7,"1":7,"2":0,"3":8},"f":{"0":7,"1":0,"2":8},"b":{"0":[0]},"_coverageSchema":"332fd63041d2c1bcb487cc26dd0d5f7d97098a6c","hash":"81440e49ebaf0e4f656fddbb57f4aa4b97dcd8d3"}
,"/Users/amitchem/Workspace/watch_edition_react/src/app/components/HomePage/HomePage.scss": {"path":"/Users/amitchem/Workspace/watch_edition_react/src/app/components/HomePage/HomePage.scss","statementMap":{},"fnMap":{},"branchMap":{},"s":{},"f":{},"b":{},"_coverageSchema":"332fd63041d2c1bcb487cc26dd0d5f7d97098a6c","hash":"3ba3824d1fecef26f7bcb4446eedced7d6b656ec"}
,"/Users/amitchem/Workspace/watch_edition_react/src/app/components/NotificationForm/NotificationForm.jsx": {"path":"/Users/amitchem/Workspace/watch_edition_react/src/app/components/NotificationForm/NotificationForm.jsx","statementMap":{"0":{"start":{"line":8,"column":4},"end":{"line":8,"column":17}},"1":{"start":{"line":10,"column":4},"end":{"line":13,"column":6}},"2":{"start":{"line":14,"column":4},"end":{"line":14,"column":53}},"3":{"start":{"line":15,"column":4},"end":{"line":15,"column":61}},"4":{"start":{"line":19,"column":4},"end":{"line":21,"column":7}},"5":{"start":{"line":25,"column":4},"end":{"line":28,"column":7}},"6":{"start":{"line":29,"column":4},"end":{"line":29,"column":23}},"7":{"start":{"line":33,"column":4},"end":{"line":44,"column":6}},"8":{"start":{"line":48,"column":0},"end":{"line":51,"column":2}}},"fnMap":{"0":{"name":"(anonymous_0)","decl":{"start":{"line":7,"column":2},"end":{"line":7,"column":3}},"loc":{"start":{"line":7,"column":21},"end":{"line":16,"column":3}},"line":7},"1":{"name":"(anonymous_1)","decl":{"start":{"line":18,"column":2},"end":{"line":18,"column":3}},"loc":{"start":{"line":18,"column":22},"end":{"line":22,"column":3}},"line":18},"2":{"name":"(anonymous_2)","decl":{"start":{"line":24,"column":2},"end":{"line":24,"column":3}},"loc":{"start":{"line":24,"column":18},"end":{"line":30,"column":3}},"line":24},"3":{"name":"(anonymous_3)","decl":{"start":{"line":32,"column":2},"end":{"line":32,"column":3}},"loc":{"start":{"line":32,"column":11},"end":{"line":45,"column":3}},"line":32}},"branchMap":{},"s":{"0":6,"1":6,"2":6,"3":6,"4":1,"5":3,"6":3,"7":7,"8":2},"f":{"0":6,"1":1,"2":3,"3":7},"b":{},"_coverageSchema":"332fd63041d2c1bcb487cc26dd0d5f7d97098a6c","hash":"a606a7d31bffba1e03a488c8e22ed79ac6c2a37a"}
,"/Users/amitchem/Workspace/watch_edition_react/src/app/components/NotificationForm/notification_form.scss": {"path":"/Users/amitchem/Workspace/watch_edition_react/src/app/components/NotificationForm/notification_form.scss","statementMap":{},"fnMap":{},"branchMap":{},"s":{},"f":{},"b":{},"_coverageSchema":"332fd63041d2c1bcb487cc26dd0d5f7d97098a6c","hash":"4d9c913eb8dc50db43b1dd9f2533f99619ec1546"}
,"/Users/amitchem/Workspace/watch_edition_react/src/app/components/Watch/Watch.jsx": {"path":"/Users/amitchem/Workspace/watch_edition_react/src/app/components/Watch/Watch.jsx","statementMap":{"0":{"start":{"line":16,"column":17},"end":{"line":18,"column":1}},"1":{"start":{"line":17,"column":2},"end":{"line":17,"column":21}},"2":{"start":{"line":23,"column":4},"end":{"line":23,"column":17}},"3":{"start":{"line":25,"column":4},"end":{"line":30,"column":6}},"4":{"start":{"line":26,"column":20},"end":{"line":26,"column":42}},"5":{"start":{"line":27,"column":21},"end":{"line":27,"column":43}},"6":{"start":{"line":28,"column":22},"end":{"line":28,"column":44}},"7":{"start":{"line":29,"column":19},"end":{"line":29,"column":41}},"8":{"start":{"line":34,"column":28},"end":{"line":36,"column":5}},"9":{"start":{"line":35,"column":6},"end":{"line":35,"column":78}},"10":{"start":{"line":38,"column":4},"end":{"line":61,"column":6}},"11":{"start":{"line":47,"column":52},"end":{"line":47,"column":78}},"12":{"start":{"line":48,"column":51},"end":{"line":48,"column":76}},"13":{"start":{"line":49,"column":53},"end":{"line":49,"column":80}},"14":{"start":{"line":50,"column":50},"end":{"line":50,"column":74}},"15":{"start":{"line":52,"column":52},"end":{"line":52,"column":75}},"16":{"start":{"line":65,"column":0},"end":{"line":70,"column":2}}},"fnMap":{"0":{"name":"(anonymous_0)","decl":{"start":{"line":16,"column":17},"end":{"line":16,"column":18}},"loc":{"start":{"line":16,"column":27},"end":{"line":18,"column":1}},"line":16},"1":{"name":"(anonymous_1)","decl":{"start":{"line":22,"column":2},"end":{"line":22,"column":3}},"loc":{"start":{"line":22,"column":21},"end":{"line":31,"column":3}},"line":22},"2":{"name":"(anonymous_2)","decl":{"start":{"line":26,"column":12},"end":{"line":26,"column":13}},"loc":{"start":{"line":26,"column":18},"end":{"line":26,"column":44}},"line":26},"3":{"name":"(anonymous_3)","decl":{"start":{"line":27,"column":13},"end":{"line":27,"column":14}},"loc":{"start":{"line":27,"column":19},"end":{"line":27,"column":45}},"line":27},"4":{"name":"(anonymous_4)","decl":{"start":{"line":28,"column":14},"end":{"line":28,"column":15}},"loc":{"start":{"line":28,"column":20},"end":{"line":28,"column":46}},"line":28},"5":{"name":"(anonymous_5)","decl":{"start":{"line":29,"column":11},"end":{"line":29,"column":12}},"loc":{"start":{"line":29,"column":17},"end":{"line":29,"column":43}},"line":29},"6":{"name":"(anonymous_6)","decl":{"start":{"line":33,"column":2},"end":{"line":33,"column":3}},"loc":{"start":{"line":33,"column":11},"end":{"line":62,"column":3}},"line":33},"7":{"name":"(anonymous_7)","decl":{"start":{"line":34,"column":28},"end":{"line":34,"column":29}},"loc":{"start":{"line":34,"column":50},"end":{"line":36,"column":5}},"line":34},"8":{"name":"(anonymous_8)","decl":{"start":{"line":47,"column":46},"end":{"line":47,"column":47}},"loc":{"start":{"line":47,"column":52},"end":{"line":47,"column":78}},"line":47},"9":{"name":"(anonymous_9)","decl":{"start":{"line":48,"column":45},"end":{"line":48,"column":46}},"loc":{"start":{"line":48,"column":51},"end":{"line":48,"column":76}},"line":48},"10":{"name":"(anonymous_10)","decl":{"start":{"line":49,"column":47},"end":{"line":49,"column":48}},"loc":{"start":{"line":49,"column":53},"end":{"line":49,"column":80}},"line":49},"11":{"name":"(anonymous_11)","decl":{"start":{"line":50,"column":44},"end":{"line":50,"column":45}},"loc":{"start":{"line":50,"column":50},"end":{"line":50,"column":74}},"line":50},"12":{"name":"(anonymous_12)","decl":{"start":{"line":52,"column":42},"end":{"line":52,"column":43}},"loc":{"start":{"line":52,"column":52},"end":{"line":52,"column":75}},"line":52}},"branchMap":{"0":{"loc":{"start":{"line":34,"column":29},"end":{"line":34,"column":45}},"type":"default-arg","locations":[{"start":{"line":34,"column":43},"end":{"line":34,"column":45}}],"line":34}},"s":{"0":2,"1":0,"2":1,"3":1,"4":0,"5":0,"6":0,"7":0,"8":1,"9":0,"10":1,"11":0,"12":0,"13":0,"14":0,"15":0,"16":2},"f":{"0":0,"1":1,"2":0,"3":0,"4":0,"5":0,"6":1,"7":0,"8":0,"9":0,"10":0,"11":0,"12":0},"b":{"0":[0]},"_coverageSchema":"332fd63041d2c1bcb487cc26dd0d5f7d97098a6c","hash":"284ea7539df99a9b61905a5a0833da67e75c8110"}
,"/Users/amitchem/Workspace/watch_edition_react/src/app/components/Watch/watch.scss": {"path":"/Users/amitchem/Workspace/watch_edition_react/src/app/components/Watch/watch.scss","statementMap":{},"fnMap":{},"branchMap":{},"s":{},"f":{},"b":{},"_coverageSchema":"332fd63041d2c1bcb487cc26dd0d5f7d97098a6c","hash":"0a58f4cd8b056186b5b599d1695290a7bbccc688"}
,"/Users/amitchem/Workspace/watch_edition_react/src/app/components/Watch/NotificationPopup/NotificationPopup.jsx": {"path":"/Users/amitchem/Workspace/watch_edition_react/src/app/components/Watch/NotificationPopup/NotificationPopup.jsx","statementMap":{"0":{"start":{"line":6,"column":26},"end":{"line":15,"column":1}},"1":{"start":{"line":7,"column":26},"end":{"line":7,"column":46}},"2":{"start":{"line":8,"column":2},"end":{"line":14,"column":4}},"3":{"start":{"line":17,"column":0},"end":{"line":20,"column":2}},"4":{"start":{"line":22,"column":0},"end":{"line":24,"column":2}}},"fnMap":{"0":{"name":"(anonymous_0)","decl":{"start":{"line":6,"column":26},"end":{"line":6,"column":27}},"loc":{"start":{"line":6,"column":46},"end":{"line":15,"column":1}},"line":6}},"branchMap":{"0":{"loc":{"start":{"line":7,"column":26},"end":{"line":7,"column":46}},"type":"cond-expr","locations":[{"start":{"line":7,"column":33},"end":{"line":7,"column":35}},{"start":{"line":7,"column":38},"end":{"line":7,"column":46}}],"line":7}},"s":{"0":3,"1":3,"2":3,"3":3,"4":3},"f":{"0":3},"b":{"0":[2,1]},"_coverageSchema":"332fd63041d2c1bcb487cc26dd0d5f7d97098a6c","hash":"7a6d87380917d33807990aef266fd2d4f58493d8"}
,"/Users/amitchem/Workspace/watch_edition_react/src/app/components/Watch/NotificationPopup/notification_popup.scss": {"path":"/Users/amitchem/Workspace/watch_edition_react/src/app/components/Watch/NotificationPopup/notification_popup.scss","statementMap":{},"fnMap":{},"branchMap":{},"s":{},"f":{},"b":{},"_coverageSchema":"332fd63041d2c1bcb487cc26dd0d5f7d97098a6c","hash":"f126aa998b2e8a0dab0b17fac3a9de2791e757b5"}
,"/Users/amitchem/Workspace/watch_edition_react/src/app/pages/ContactListScreen/ContactListScreen.jsx": {"path":"/Users/amitchem/Workspace/watch_edition_react/src/app/pages/ContactListScreen/ContactListScreen.jsx","statementMap":{"0":{"start":{"line":13,"column":4},"end":{"line":18,"column":6}}},"fnMap":{"0":{"name":"(anonymous_0)","decl":{"start":{"line":12,"column":2},"end":{"line":12,"column":3}},"loc":{"start":{"line":12,"column":11},"end":{"line":19,"column":3}},"line":12}},"branchMap":{},"s":{"0":1},"f":{"0":1},"b":{},"_coverageSchema":"332fd63041d2c1bcb487cc26dd0d5f7d97098a6c","hash":"6d0c16afa0b64eaab60a2966ff24b3086ebd11f5"}
,"/Users/amitchem/Workspace/watch_edition_react/src/app/pages/ContactListScreen/contact_list.scss": {"path":"/Users/amitchem/Workspace/watch_edition_react/src/app/pages/ContactListScreen/contact_list.scss","statementMap":{},"fnMap":{},"branchMap":{},"s":{},"f":{},"b":{},"_coverageSchema":"332fd63041d2c1bcb487cc26dd0d5f7d97098a6c","hash":"dc6466b1a29614b7540478ef7e1ef57a2c3cc58b"}
,"/Users/amitchem/Workspace/watch_edition_react/src/app/pages/HomeScreen/HomeScreen.jsx": {"path":"/Users/amitchem/Workspace/watch_edition_react/src/app/pages/HomeScreen/HomeScreen.jsx","statementMap":{"0":{"start":{"line":8,"column":19},"end":{"line":53,"column":1}},"1":{"start":{"line":9,"column":2},"end":{"line":14,"column":3}},"2":{"start":{"line":10,"column":4},"end":{"line":13,"column":7}},"3":{"start":{"line":11,"column":18},"end":{"line":11,"column":35}},"4":{"start":{"line":12,"column":19},"end":{"line":12,"column":44}},"5":{"start":{"line":16,"column":2},"end":{"line":52,"column":4}},"6":{"start":{"line":55,"column":0},"end":{"line":57,"column":2}},"7":{"start":{"line":59,"column":0},"end":{"line":61,"column":2}}},"fnMap":{"0":{"name":"(anonymous_0)","decl":{"start":{"line":8,"column":19},"end":{"line":8,"column":20}},"loc":{"start":{"line":8,"column":42},"end":{"line":53,"column":1}},"line":8},"1":{"name":"(anonymous_1)","decl":{"start":{"line":11,"column":12},"end":{"line":11,"column":13}},"loc":{"start":{"line":11,"column":18},"end":{"line":11,"column":35}},"line":11},"2":{"name":"(anonymous_2)","decl":{"start":{"line":12,"column":13},"end":{"line":12,"column":14}},"loc":{"start":{"line":12,"column":19},"end":{"line":12,"column":44}},"line":12}},"branchMap":{"0":{"loc":{"start":{"line":9,"column":2},"end":{"line":14,"column":3}},"type":"if","locations":[{"start":{"line":9,"column":2},"end":{"line":14,"column":3}},{"start":{"line":9,"column":2},"end":{"line":14,"column":3}}],"line":9}},"s":{"0":3,"1":1,"2":0,"3":0,"4":0,"5":1,"6":3,"7":3},"f":{"0":1,"1":0,"2":0},"b":{"0":[0,1]},"_coverageSchema":"332fd63041d2c1bcb487cc26dd0d5f7d97098a6c","hash":"2fd6a8f8db84b02cfae471ee37aa514e4ca8cf72"}
,"/Users/amitchem/Workspace/watch_edition_react/src/app/pages/NotFoundScreen/NotFoundScreen.jsx": {"path":"/Users/amitchem/Workspace/watch_edition_react/src/app/pages/NotFoundScreen/NotFoundScreen.jsx","statementMap":{"0":{"start":{"line":6,"column":4},"end":{"line":10,"column":6}}},"fnMap":{"0":{"name":"(anonymous_0)","decl":{"start":{"line":5,"column":2},"end":{"line":5,"column":3}},"loc":{"start":{"line":5,"column":11},"end":{"line":11,"column":3}},"line":5}},"branchMap":{},"s":{"0":1},"f":{"0":1},"b":{},"_coverageSchema":"332fd63041d2c1bcb487cc26dd0d5f7d97098a6c","hash":"ae3f73d595a6d9573310a3a90260b7bcff0603ec"}
,"/Users/amitchem/Workspace/watch_edition_react/src/framework/Router/BrowserHistory.js": {"path":"/Users/amitchem/Workspace/watch_edition_react/src/framework/Router/BrowserHistory.js","statementMap":{},"fnMap":{},"branchMap":{},"s":{},"f":{},"b":{},"_coverageSchema":"332fd63041d2c1bcb487cc26dd0d5f7d97098a6c","hash":"8a523c9c77af95ecef9a985c9ce2648e84ded96e"}
,"/Users/amitchem/Workspace/watch_edition_react/src/framework/Router/ViewRouter.js": {"path":"/Users/amitchem/Workspace/watch_edition_react/src/framework/Router/ViewRouter.js","statementMap":{"0":{"start":{"line":8,"column":4},"end":{"line":14,"column":6}},"1":{"start":{"line":18,"column":0},"end":{"line":23,"column":2}}},"fnMap":{"0":{"name":"(anonymous_0)","decl":{"start":{"line":7,"column":2},"end":{"line":7,"column":3}},"loc":{"start":{"line":7,"column":11},"end":{"line":15,"column":3}},"line":7}},"branchMap":{},"s":{"0":1,"1":3},"f":{"0":1},"b":{},"_coverageSchema":"332fd63041d2c1bcb487cc26dd0d5f7d97098a6c","hash":"eb87cf069bf19cabbf3cdf0b546bd3773226f736"}
,"/Users/amitchem/Workspace/watch_edition_react/src/framework/components/Button/Button.jsx": {"path":"/Users/amitchem/Workspace/watch_edition_react/src/framework/components/Button/Button.jsx","statementMap":{"0":{"start":{"line":5,"column":15},"end":{"line":7,"column":1}},"1":{"start":{"line":6,"column":2},"end":{"line":6,"column":61}},"2":{"start":{"line":9,"column":0},"end":{"line":12,"column":2}},"3":{"start":{"line":14,"column":0},"end":{"line":17,"column":2}}},"fnMap":{"0":{"name":"(anonymous_0)","decl":{"start":{"line":5,"column":15},"end":{"line":5,"column":16}},"loc":{"start":{"line":6,"column":2},"end":{"line":6,"column":61}},"line":6},"1":{"name":"(anonymous_1)","decl":{"start":{"line":16,"column":11},"end":{"line":16,"column":12}},"loc":{"start":{"line":16,"column":17},"end":{"line":16,"column":19}},"line":16}},"branchMap":{},"s":{"0":3,"1":1,"2":3,"3":3},"f":{"0":1,"1":0},"b":{},"_coverageSchema":"332fd63041d2c1bcb487cc26dd0d5f7d97098a6c","hash":"633454c870fa7c06f5e0e17d477471c15db995eb"}
,"/Users/amitchem/Workspace/watch_edition_react/src/framework/components/Button/button.scss": {"path":"/Users/amitchem/Workspace/watch_edition_react/src/framework/components/Button/button.scss","statementMap":{},"fnMap":{},"branchMap":{},"s":{},"f":{},"b":{},"_coverageSchema":"332fd63041d2c1bcb487cc26dd0d5f7d97098a6c","hash":"a7c34478fd68bdfde012c1413399e48266a96c70"}
,"/Users/amitchem/Workspace/watch_edition_react/src/framework/components/Date/Date.jsx": {"path":"/Users/amitchem/Workspace/watch_edition_react/src/framework/components/Date/Date.jsx","statementMap":{"0":{"start":{"line":8,"column":23},"end":{"line":8,"column":33}},"1":{"start":{"line":9,"column":4},"end":{"line":13,"column":6}},"2":{"start":{"line":17,"column":0},"end":{"line":19,"column":2}},"3":{"start":{"line":21,"column":0},"end":{"line":23,"column":2}}},"fnMap":{"0":{"name":"(anonymous_0)","decl":{"start":{"line":7,"column":2},"end":{"line":7,"column":3}},"loc":{"start":{"line":7,"column":11},"end":{"line":14,"column":3}},"line":7}},"branchMap":{},"s":{"0":3,"1":3,"2":4,"3":4},"f":{"0":3},"b":{},"_coverageSchema":"332fd63041d2c1bcb487cc26dd0d5f7d97098a6c","hash":"0e9229b13325e71db38ce8c7f1e02db06d3066b6"}
,"/Users/amitchem/Workspace/watch_edition_react/src/framework/components/Date/date.scss": {"path":"/Users/amitchem/Workspace/watch_edition_react/src/framework/components/Date/date.scss","statementMap":{},"fnMap":{},"branchMap":{},"s":{},"f":{},"b":{},"_coverageSchema":"332fd63041d2c1bcb487cc26dd0d5f7d97098a6c","hash":"d780768fbae364fcbee6621327fe72cc559600a4"}
,"/Users/amitchem/Workspace/watch_edition_react/src/framework/components/GenericList/GenericList.jsx": {"path":"/Users/amitchem/Workspace/watch_edition_react/src/framework/components/GenericList/GenericList.jsx","statementMap":{"0":{"start":{"line":11,"column":26},"end":{"line":19,"column":5}},"1":{"start":{"line":12,"column":6},"end":{"line":18,"column":15}},"2":{"start":{"line":15,"column":26},"end":{"line":15,"column":34}},"3":{"start":{"line":16,"column":12},"end":{"line":16,"column":100}},"4":{"start":{"line":22,"column":21},"end":{"line":22,"column":80}},"5":{"start":{"line":23,"column":22},"end":{"line":23,"column":60}},"6":{"start":{"line":25,"column":4},"end":{"line":29,"column":6}},"7":{"start":{"line":33,"column":0},"end":{"line":35,"column":2}},"8":{"start":{"line":37,"column":0},"end":{"line":39,"column":2}}},"fnMap":{"0":{"name":"(anonymous_0)","decl":{"start":{"line":10,"column":2},"end":{"line":10,"column":3}},"loc":{"start":{"line":10,"column":11},"end":{"line":30,"column":3}},"line":10},"1":{"name":"(anonymous_1)","decl":{"start":{"line":11,"column":26},"end":{"line":11,"column":27}},"loc":{"start":{"line":11,"column":42},"end":{"line":19,"column":5}},"line":11},"2":{"name":"(anonymous_2)","decl":{"start":{"line":14,"column":32},"end":{"line":14,"column":33}},"loc":{"start":{"line":14,"column":39},"end":{"line":17,"column":11}},"line":14}},"branchMap":{"0":{"loc":{"start":{"line":22,"column":21},"end":{"line":22,"column":80}},"type":"cond-expr","locations":[{"start":{"line":22,"column":40},"end":{"line":22,"column":75}},{"start":{"line":22,"column":78},"end":{"line":22,"column":80}}],"line":22},"1":{"loc":{"start":{"line":23,"column":22},"end":{"line":23,"column":60}},"type":"binary-expr","locations":[{"start":{"line":23,"column":22},"end":{"line":23,"column":42}},{"start":{"line":23,"column":46},"end":{"line":23,"column":60}}],"line":23}},"s":{"0":3,"1":3,"2":6,"3":6,"4":3,"5":3,"6":3,"7":4,"8":4},"f":{"0":3,"1":3,"2":6},"b":{"0":[3,0],"1":[3,0]},"_coverageSchema":"332fd63041d2c1bcb487cc26dd0d5f7d97098a6c","hash":"cf7a8f1ccf22780a526d5c5b76757b40057b7646"}
,"/Users/amitchem/Workspace/watch_edition_react/src/framework/components/GenericList/ListItem/ListItem.jsx": {"path":"/Users/amitchem/Workspace/watch_edition_react/src/framework/components/GenericList/ListItem/ListItem.jsx","statementMap":{"0":{"start":{"line":4,"column":17},"end":{"line":9,"column":1}},"1":{"start":{"line":5,"column":2},"end":{"line":8,"column":9}},"2":{"start":{"line":11,"column":0},"end":{"line":15,"column":2}},"3":{"start":{"line":17,"column":0},"end":{"line":19,"column":2}}},"fnMap":{"0":{"name":"(anonymous_0)","decl":{"start":{"line":4,"column":17},"end":{"line":4,"column":18}},"loc":{"start":{"line":5,"column":2},"end":{"line":8,"column":9}},"line":5}},"branchMap":{"0":{"loc":{"start":{"line":4,"column":20},"end":{"line":4,"column":34}},"type":"default-arg","locations":[{"start":{"line":4,"column":32},"end":{"line":4,"column":34}}],"line":4}},"s":{"0":5,"1":3,"2":5,"3":5},"f":{"0":3},"b":{"0":[0]},"_coverageSchema":"332fd63041d2c1bcb487cc26dd0d5f7d97098a6c","hash":"0c5e98f89f8eadbc87a8d867581de2f0edf64d5a"}
,"/Users/amitchem/Workspace/watch_edition_react/src/framework/components/ScreenLayout/ScreenLayout.jsx": {"path":"/Users/amitchem/Workspace/watch_edition_react/src/framework/components/ScreenLayout/ScreenLayout.jsx","statementMap":{"0":{"start":{"line":9,"column":29},"end":{"line":13,"column":5}},"1":{"start":{"line":10,"column":6},"end":{"line":12,"column":9}},"2":{"start":{"line":11,"column":35},"end":{"line":11,"column":68}},"3":{"start":{"line":15,"column":22},"end":{"line":25,"column":5}},"4":{"start":{"line":16,"column":26},"end":{"line":16,"column":49}},"5":{"start":{"line":17,"column":6},"end":{"line":23,"column":7}},"6":{"start":{"line":18,"column":8},"end":{"line":22,"column":12}},"7":{"start":{"line":21,"column":30},"end":{"line":21,"column":49}},"8":{"start":{"line":24,"column":6},"end":{"line":24,"column":25}},"9":{"start":{"line":27,"column":4},"end":{"line":33,"column":6}},"10":{"start":{"line":37,"column":0},"end":{"line":44,"column":2}},"11":{"start":{"line":46,"column":0},"end":{"line":49,"column":2}}},"fnMap":{"0":{"name":"(anonymous_0)","decl":{"start":{"line":8,"column":2},"end":{"line":8,"column":3}},"loc":{"start":{"line":8,"column":11},"end":{"line":34,"column":3}},"line":8},"1":{"name":"(anonymous_1)","decl":{"start":{"line":9,"column":29},"end":{"line":9,"column":30}},"loc":{"start":{"line":9,"column":38},"end":{"line":13,"column":5}},"line":9},"2":{"name":"(anonymous_2)","decl":{"start":{"line":11,"column":23},"end":{"line":11,"column":24}},"loc":{"start":{"line":11,"column":33},"end":{"line":11,"column":70}},"line":11},"3":{"name":"(anonymous_3)","decl":{"start":{"line":15,"column":22},"end":{"line":15,"column":23}},"loc":{"start":{"line":15,"column":31},"end":{"line":25,"column":5}},"line":15},"4":{"name":"(anonymous_4)","decl":{"start":{"line":21,"column":22},"end":{"line":21,"column":23}},"loc":{"start":{"line":21,"column":28},"end":{"line":21,"column":51}},"line":21},"5":{"name":"(anonymous_5)","decl":{"start":{"line":48,"column":17},"end":{"line":48,"column":18}},"loc":{"start":{"line":48,"column":23},"end":{"line":48,"column":25}},"line":48}},"branchMap":{"0":{"loc":{"start":{"line":17,"column":6},"end":{"line":23,"column":7}},"type":"if","locations":[{"start":{"line":17,"column":6},"end":{"line":23,"column":7}},{"start":{"line":17,"column":6},"end":{"line":23,"column":7}}],"line":17}},"s":{"0":3,"1":6,"2":0,"3":3,"4":6,"5":6,"6":3,"7":3,"8":3,"9":3,"10":3,"11":3},"f":{"0":3,"1":6,"2":0,"3":6,"4":3,"5":0},"b":{"0":[3,3]},"_coverageSchema":"332fd63041d2c1bcb487cc26dd0d5f7d97098a6c","hash":"823a6d7093879e87cddcf558b704d353aaeb9518"}
,"/Users/amitchem/Workspace/watch_edition_react/src/framework/components/ScreenLayout/screen_layout.scss": {"path":"/Users/amitchem/Workspace/watch_edition_react/src/framework/components/ScreenLayout/screen_layout.scss","statementMap":{},"fnMap":{},"branchMap":{},"s":{},"f":{},"b":{},"_coverageSchema":"332fd63041d2c1bcb487cc26dd0d5f7d97098a6c","hash":"4c57bbccde78c7a57be0ea0ad1860006f355771d"}
,"/Users/amitchem/Workspace/watch_edition_react/src/framework/components/Time/Time.jsx": {"path":"/Users/amitchem/Workspace/watch_edition_react/src/framework/components/Time/Time.jsx","statementMap":{"0":{"start":{"line":6,"column":13},"end":{"line":14,"column":1}},"1":{"start":{"line":7,"column":21},"end":{"line":7,"column":26}},"2":{"start":{"line":8,"column":20},"end":{"line":8,"column":24}},"3":{"start":{"line":9,"column":2},"end":{"line":13,"column":4}},"4":{"start":{"line":16,"column":0},"end":{"line":18,"column":2}},"5":{"start":{"line":20,"column":0},"end":{"line":22,"column":2}}},"fnMap":{"0":{"name":"(anonymous_0)","decl":{"start":{"line":6,"column":13},"end":{"line":6,"column":14}},"loc":{"start":{"line":6,"column":24},"end":{"line":14,"column":1}},"line":6}},"branchMap":{},"s":{"0":4,"1":4,"2":4,"3":4,"4":4,"5":4},"f":{"0":4},"b":{},"_coverageSchema":"332fd63041d2c1bcb487cc26dd0d5f7d97098a6c","hash":"a94b95b27b65997595e3e558a5726eab89afe72a"}
,"/Users/amitchem/Workspace/watch_edition_react/src/framework/components/Time/time.scss": {"path":"/Users/amitchem/Workspace/watch_edition_react/src/framework/components/Time/time.scss","statementMap":{},"fnMap":{},"branchMap":{},"s":{},"f":{},"b":{},"_coverageSchema":"332fd63041d2c1bcb487cc26dd0d5f7d97098a6c","hash":"677e566ab2c9e6a27624edd9751b2425fabf35d8"}
}
