TN:
SF:/Users/amitchem/Workspace/watch_edition_react/src/app/components/HomePage/HomePage.jsx
FN:7,(anonymous_0)
FN:17,(anonymous_1)
FN:21,(anonymous_2)
FNF:3
FNH:2
FNDA:7,(anonymous_0)
FNDA:0,(anonymous_1)
FNDA:8,(anonymous_2)
DA:8,7
DA:9,7
DA:18,0
DA:22,8
LF:4
LH:3
BRDA:17,0,0,0
BRF:1
BRH:0
end_of_record
TN:
SF:/Users/amitchem/Workspace/watch_edition_react/src/app/components/HomePage/HomePage.scss
FNF:0
FNH:0
LF:0
LH:0
BRF:0
BRH:0
end_of_record
TN:
SF:/Users/amitchem/Workspace/watch_edition_react/src/app/components/NotificationForm/NotificationForm.jsx
FN:7,(anonymous_0)
FN:18,(anonymous_1)
FN:24,(anonymous_2)
FN:32,(anonymous_3)
FNF:4
FNH:4
FNDA:6,(anonymous_0)
FNDA:1,(anonymous_1)
FNDA:3,(anonymous_2)
FNDA:7,(anonymous_3)
DA:8,6
DA:10,6
DA:14,6
DA:15,6
DA:19,1
DA:25,3
DA:29,3
DA:33,7
DA:48,2
LF:9
LH:9
BRF:0
BRH:0
end_of_record
TN:
SF:/Users/amitchem/Workspace/watch_edition_react/src/app/components/NotificationForm/notification_form.scss
FNF:0
FNH:0
LF:0
LH:0
BRF:0
BRH:0
end_of_record
TN:
SF:/Users/amitchem/Workspace/watch_edition_react/src/app/components/Watch/Watch.jsx
FN:16,(anonymous_0)
FN:22,(anonymous_1)
FN:26,(anonymous_2)
FN:27,(anonymous_3)
FN:28,(anonymous_4)
FN:29,(anonymous_5)
FN:33,(anonymous_6)
FN:34,(anonymous_7)
FN:47,(anonymous_8)
FN:48,(anonymous_9)
FN:49,(anonymous_10)
FN:50,(anonymous_11)
FN:52,(anonymous_12)
FNF:13
FNH:2
FNDA:0,(anonymous_0)
FNDA:1,(anonymous_1)
FNDA:0,(anonymous_2)
FNDA:0,(anonymous_3)
FNDA:0,(anonymous_4)
FNDA:0,(anonymous_5)
FNDA:1,(anonymous_6)
FNDA:0,(anonymous_7)
FNDA:0,(anonymous_8)
FNDA:0,(anonymous_9)
FNDA:0,(anonymous_10)
FNDA:0,(anonymous_11)
FNDA:0,(anonymous_12)
DA:16,2
DA:17,0
DA:23,1
DA:25,1
DA:26,0
DA:27,0
DA:28,0
DA:29,0
DA:34,1
DA:35,0
DA:38,1
DA:47,0
DA:48,0
DA:49,0
DA:50,0
DA:52,0
DA:65,2
LF:17
LH:6
BRDA:34,0,0,0
BRF:1
BRH:0
end_of_record
TN:
SF:/Users/amitchem/Workspace/watch_edition_react/src/app/components/Watch/watch.scss
FNF:0
FNH:0
LF:0
LH:0
BRF:0
BRH:0
end_of_record
TN:
SF:/Users/amitchem/Workspace/watch_edition_react/src/app/components/Watch/NotificationPopup/NotificationPopup.jsx
FN:6,(anonymous_0)
FNF:1
FNH:1
FNDA:3,(anonymous_0)
DA:6,3
DA:7,3
DA:8,3
DA:17,3
DA:22,3
LF:5
LH:5
BRDA:7,0,0,2
BRDA:7,0,1,1
BRF:2
BRH:2
end_of_record
TN:
SF:/Users/amitchem/Workspace/watch_edition_react/src/app/components/Watch/NotificationPopup/notification_popup.scss
FNF:0
FNH:0
LF:0
LH:0
BRF:0
BRH:0
end_of_record
TN:
SF:/Users/amitchem/Workspace/watch_edition_react/src/app/pages/ContactListScreen/ContactListScreen.jsx
FN:12,(anonymous_0)
FNF:1
FNH:1
FNDA:1,(anonymous_0)
DA:13,1
LF:1
LH:1
BRF:0
BRH:0
end_of_record
TN:
SF:/Users/amitchem/Workspace/watch_edition_react/src/app/pages/ContactListScreen/contact_list.scss
FNF:0
FNH:0
LF:0
LH:0
BRF:0
BRH:0
end_of_record
TN:
SF:/Users/amitchem/Workspace/watch_edition_react/src/app/pages/HomeScreen/HomeScreen.jsx
FN:8,(anonymous_0)
FN:11,(anonymous_1)
FN:12,(anonymous_2)
FNF:3
FNH:1
FNDA:1,(anonymous_0)
FNDA:0,(anonymous_1)
FNDA:0,(anonymous_2)
DA:8,3
DA:9,1
DA:10,0
DA:11,0
DA:12,0
DA:16,1
DA:55,3
DA:59,3
LF:8
LH:5
BRDA:9,0,0,0
BRDA:9,0,1,1
BRF:2
BRH:1
end_of_record
TN:
SF:/Users/amitchem/Workspace/watch_edition_react/src/app/pages/NotFoundScreen/NotFoundScreen.jsx
FN:5,(anonymous_0)
FNF:1
FNH:1
FNDA:1,(anonymous_0)
DA:6,1
LF:1
LH:1
BRF:0
BRH:0
end_of_record
TN:
SF:/Users/amitchem/Workspace/watch_edition_react/src/framework/Router/BrowserHistory.js
FNF:0
FNH:0
LF:0
LH:0
BRF:0
BRH:0
end_of_record
TN:
SF:/Users/amitchem/Workspace/watch_edition_react/src/framework/Router/ViewRouter.js
FN:7,(anonymous_0)
FNF:1
FNH:1
FNDA:1,(anonymous_0)
DA:8,1
DA:18,3
LF:2
LH:2
BRF:0
BRH:0
end_of_record
TN:
SF:/Users/amitchem/Workspace/watch_edition_react/src/framework/components/Button/Button.jsx
FN:5,(anonymous_0)
FN:16,(anonymous_1)
FNF:2
FNH:1
FNDA:1,(anonymous_0)
FNDA:0,(anonymous_1)
DA:5,3
DA:6,1
DA:9,3
DA:14,3
LF:4
LH:4
BRF:0
BRH:0
end_of_record
TN:
SF:/Users/amitchem/Workspace/watch_edition_react/src/framework/components/Button/button.scss
FNF:0
FNH:0
LF:0
LH:0
BRF:0
BRH:0
end_of_record
TN:
SF:/Users/amitchem/Workspace/watch_edition_react/src/framework/components/Date/Date.jsx
FN:7,(anonymous_0)
FNF:1
FNH:1
FNDA:3,(anonymous_0)
DA:8,3
DA:9,3
DA:17,4
DA:21,4
LF:4
LH:4
BRF:0
BRH:0
end_of_record
TN:
SF:/Users/amitchem/Workspace/watch_edition_react/src/framework/components/Date/date.scss
FNF:0
FNH:0
LF:0
LH:0
BRF:0
BRH:0
end_of_record
TN:
SF:/Users/amitchem/Workspace/watch_edition_react/src/framework/components/GenericList/GenericList.jsx
FN:10,(anonymous_0)
FN:11,(anonymous_1)
FN:14,(anonymous_2)
FNF:3
FNH:3
FNDA:3,(anonymous_0)
FNDA:3,(anonymous_1)
FNDA:6,(anonymous_2)
DA:11,3
DA:12,3
DA:15,6
DA:16,6
DA:22,3
DA:23,3
DA:25,3
DA:33,4
DA:37,4
LF:9
LH:9
BRDA:22,0,0,3
BRDA:22,0,1,0
BRDA:23,1,0,3
BRDA:23,1,1,0
BRF:4
BRH:2
end_of_record
TN:
SF:/Users/amitchem/Workspace/watch_edition_react/src/framework/components/GenericList/ListItem/ListItem.jsx
FN:4,(anonymous_0)
FNF:1
FNH:1
FNDA:3,(anonymous_0)
DA:4,5
DA:5,3
DA:11,5
DA:17,5
LF:4
LH:4
BRDA:4,0,0,0
BRF:1
BRH:0
end_of_record
TN:
SF:/Users/amitchem/Workspace/watch_edition_react/src/framework/components/ScreenLayout/ScreenLayout.jsx
FN:8,(anonymous_0)
FN:9,(anonymous_1)
FN:11,(anonymous_2)
FN:15,(anonymous_3)
FN:21,(anonymous_4)
FN:48,(anonymous_5)
FNF:6
FNH:4
FNDA:3,(anonymous_0)
FNDA:6,(anonymous_1)
FNDA:0,(anonymous_2)
FNDA:6,(anonymous_3)
FNDA:3,(anonymous_4)
FNDA:0,(anonymous_5)
DA:9,3
DA:10,6
DA:11,0
DA:15,3
DA:16,6
DA:17,6
DA:18,3
DA:21,3
DA:24,3
DA:27,3
DA:37,3
DA:46,3
LF:12
LH:11
BRDA:17,0,0,3
BRDA:17,0,1,3
BRF:2
BRH:2
end_of_record
TN:
SF:/Users/amitchem/Workspace/watch_edition_react/src/framework/components/ScreenLayout/screen_layout.scss
FNF:0
FNH:0
LF:0
LH:0
BRF:0
BRH:0
end_of_record
TN:
SF:/Users/amitchem/Workspace/watch_edition_react/src/framework/components/Time/Time.jsx
FN:6,(anonymous_0)
FNF:1
FNH:1
FNDA:4,(anonymous_0)
DA:6,4
DA:7,4
DA:8,4
DA:9,4
DA:16,4
DA:20,4
LF:6
LH:6
BRF:0
BRH:0
end_of_record
TN:
SF:/Users/amitchem/Workspace/watch_edition_react/src/framework/components/Time/time.scss
FNF:0
FNH:0
LF:0
LH:0
BRF:0
BRH:0
end_of_record
